{"level":"info","message":{"gaze_result":"Left Movement = 0\nNo Movement = 1\nRight Movement = 0\n\nLeft Movement 0.0%\nNo Movement 100.0%\nRight Movement 0.0%","identification_result":"4210138287044\n1111111111111\n","inference_result":"Left Movement = 0\nNo Movement = 1\nRight Movement = 0\n\nLeft Movement 0.0%\nNo Movement 100.0%\nRight Movement 0.0%"},"method":"POST"}
{"level":"info","message":{"gaze_result":"Left Movement = 1\nNo Movement = 0\nRight Movement = 0\n\nLeft Movement 100.0%\nNo Movement 0.0%\nRight Movement 0.0%","identification_result":true,"inference_result":"Left Movement = 1\nNo Movement = 0\nRight Movement = 0\n\nLeft Movement 100.0%\nNo Movement 0.0%\nRight Movement 0.0%"},"method":"POST"}
{"level":"info","message":{"gaze_result":"Left Movement = 1\nNo Movement = 0\nRight Movement = 0\n\nLeft Movement 100.0%\nNo Movement 0.0%\nRight Movement 0.0%","identification_result":false,"inference_result":"Left Movement = 1\nNo Movement = 0\nRight Movement = 0\n\nLeft Movement 100.0%\nNo Movement 0.0%\nRight Movement 0.0%"},"method":"POST"}
{"level":"info","message":{"gaze_result":"Left Movement = 1\nNo Movement = 1\nRight Movement = 0\n\nLeft Movement 50.0%\nNo Movement 50.0%\nRight Movement 0.0%","identification_result":false,"inference_result":"Left Movement = 1\nNo Movement = 1\nRight Movement = 0\n\nLeft Movement 50.0%\nNo Movement 50.0%\nRight Movement 0.0%"},"method":"POST"}
{"level":"info","message":{"gaze_result":"Left Movement = 1\nNo Movement = 0\nRight Movement = 0\n\nLeft Movement 100.0%\nNo Movement 0.0%\nRight Movement 0.0%","identification_result":{"correct_face":0,"no_face":0,"total_snapshots":0,"wrong_face":0},"inference_result":"Left Movement = 1\nNo Movement = 0\nRight Movement = 0\n\nLeft Movement 100.0%\nNo Movement 0.0%\nRight Movement 0.0%"},"method":"POST"}
{"level":"info","message":{"gaze_result":"Left Movement = 1\nNo Movement = 0\nRight Movement = 0\n\nLeft Movement 100.0%\nNo Movement 0.0%\nRight Movement 0.0%","identification_result":{"correct_face":0,"no_face":0,"total_snapshots":0,"wrong_face":0},"inference_result":"Left Movement = 1\nNo Movement = 0\nRight Movement = 0\n\nLeft Movement 100.0%\nNo Movement 0.0%\nRight Movement 0.0%"},"method":"POST"}
{"level":"info","message":{"gaze_result":"Left Movement = 0\nNo Movement = 1\nRight Movement = 0\n\nLeft Movement 0.0%\nNo Movement 100.0%\nRight Movement 0.0%","identification_result":"","inference_result":"Left Movement = 0\nNo Movement = 1\nRight Movement = 0\n\nLeft Movement 0.0%\nNo Movement 100.0%\nRight Movement 0.0%"},"method":"POST"}
{"level":"info","message":{"gaze_result":"","identification_result":"","inference_result":""},"method":"POST"}
{"level":"info","message":{"gaze_result":"","identification_result":"","inference_result":""},"method":"POST"}
{"level":"info","message":{"gaze_result":"","identification_result":"","inference_result":""},"method":"POST"}
{"level":"info","message":{"gaze_result":"","identification_result":"","inference_result":""},"method":"POST"}
{"level":"info","message":{"gaze_result":"","identification_result":"","inference_result":""},"method":"POST"}
{"level":"info","message":{"gaze_result":"","identification_result":"","inference_result":""},"method":"POST"}
{"level":"info","message":{"gaze_result":"","identification_result":"","inference_result":""},"method":"POST"}
{"level":"info","message":{"gaze_result":"","identification_result":"","inference_result":""},"method":"POST"}
{"level":"info","message":{"gaze_result":"","identification_result":"","inference_result":""},"method":"POST"}
{"level":"info","message":{"gaze_result":"","identification_result":"","inference_result":""},"method":"POST"}
{"level":"info","message":{"gaze_result":"","identification_result":"","inference_result":""},"method":"POST"}
{"level":"info","message":{"gaze_result":"","identification_result":"","inference_result":""},"method":"POST"}
{"level":"info","message":{"gaze_result":"","identification_result":"","inference_result":""},"method":"POST"}
{"level":"info","message":{"gaze_result":"","identification_result":"","inference_result":""},"method":"POST"}
{"level":"info","message":{"gaze_result":"","identification_result":"","inference_result":""},"method":"POST"}
{"level":"info","message":{"gaze_result":"","identification_result":"","inference_result":""},"method":"POST"}
{"level":"info","message":{"gaze_result":"","identification_result":"","inference_result":""},"method":"POST"}
{"level":"info","message":{"gaze_result":"","identification_result":"","inference_result":""},"method":"POST"}
{"level":"info","message":{"gaze_result":"","identification_result":"","inference_result":""},"method":"POST"}
{"level":"info","message":{"gaze_result":"","identification_result":"","inference_result":""},"method":"POST"}
{"level":"info","message":{"gaze_result":"","identification_result":"","inference_result":""},"method":"POST"}
{"level":"info","message":{"gaze_result":"","identification_result":"","inference_result":""},"method":"POST"}
{"level":"info","message":{"gaze_result":"","identification_result":"","inference_result":""},"method":"POST"}
{"level":"info","message":{"gaze_result":"","identification_result":"","inference_result":""},"method":"POST"}
{"level":"info","message":{"gaze_result":"","identification_result":"","inference_result":""},"method":"POST"}
{"level":"info","message":{"gaze_result":"","identification_result":"","inference_result":""},"method":"POST"}
{"level":"info","message":{"gaze_result":"","identification_result":"","inference_result":""},"method":"POST"}
{"level":"info","message":{"gaze_result":"","identification_result":"","inference_result":""},"method":"POST"}
{"level":"info","message":{"gaze_result":"","identification_result":"","inference_result":""},"method":"POST"}
{"level":"info","message":{"gaze_result":"","identification_result":"","inference_result":""},"method":"POST"}
{"level":"info","message":{"gaze_result":"","identification_result":"","inference_result":""},"method":"POST"}
{"level":"info","message":{"gaze_result":"","identification_result":"","inference_result":""},"method":"POST"}
{"level":"info","message":{"gaze_result":"","identification_result":"","inference_result":""},"method":"POST"}
{"level":"info","message":{"gaze_result":"","identification_result":"","inference_result":""},"method":"POST"}
{"level":"info","message":{"gaze_result":"","identification_result":"","inference_result":""},"method":"POST"}
{"level":"info","message":{"gaze_result":"","identification_result":"","inference_result":""},"method":"POST"}
{"level":"info","message":{"gaze_result":"","identification_result":"","inference_result":""},"method":"POST"}
{"level":"info","message":{"gaze_result":"","identification_result":"","inference_result":""},"method":"POST"}
{"level":"info","message":{"gaze_result":"","identification_result":"","inference_result":""},"method":"POST"}
{"level":"info","message":{"gaze_result":"","identification_result":"","inference_result":""},"method":"POST"}
{"level":"info","message":{"gaze_result":"","identification_result":"","inference_result":""},"method":"POST"}
{"level":"info","message":{"gaze_result":"","identification_result":"","inference_result":""},"method":"POST"}
{"level":"info","message":{"gaze_result":"","identification_result":"","inference_result":""},"method":"POST"}
{"level":"info","message":{"gaze_result":"","identification_result":"","inference_result":""},"method":"POST"}
{"level":"info","message":{"gaze_result":"","identification_result":"","inference_result":""},"method":"POST"}
{"level":"info","message":{"gaze_result":"","identification_result":"","inference_result":""},"method":"POST"}
{"level":"info","message":{"gaze_result":"","identification_result":"","inference_result":""},"method":"POST"}
{"level":"info","message":{"gaze_result":"","identification_result":"","inference_result":""},"method":"POST"}
{"level":"info","message":{"gaze_result":"","identification_result":"","inference_result":""},"method":"POST"}
{"level":"info","message":{"gaze_result":"","identification_result":"","inference_result":""},"method":"POST"}
{"level":"info","message":{"gaze_result":"","identification_result":"","inference_result":""},"method":"POST"}
{"level":"info","message":{"gaze_result":"","identification_result":"","inference_result":""},"method":"POST"}
{"level":"info","message":{"gaze_result":"","identification_result":"","inference_result":""},"method":"POST"}
{"level":"info","message":{"gaze_result":"","identification_result":"","inference_result":""},"method":"POST"}
{"level":"info","message":{"gaze_result":"","identification_result":"","inference_result":""},"method":"POST"}
{"level":"info","message":{"gaze_result":"","identification_result":"","inference_result":""},"method":"POST"}
{"level":"info","message":{"gaze_result":"","identification_result":"","inference_result":""},"method":"POST"}
{"level":"info","message":{"gaze_result":"","identification_result":"","inference_result":""},"method":"POST"}
{"level":"info","message":{"gaze_result":"","identification_result":"","inference_result":""},"method":"POST"}
{"level":"info","message":{"gaze_result":"","identification_result":"","inference_result":""},"method":"POST"}
{"level":"info","message":{"gaze_result":"","identification_result":"","inference_result":""},"method":"POST"}
{"level":"info","message":{"gaze_result":"","identification_result":"","inference_result":""},"method":"POST"}
{"level":"info","message":{"gaze_result":"","identification_result":"","inference_result":""},"method":"POST"}
{"level":"info","message":{"gaze_result":"","identification_result":"","inference_result":""},"method":"POST"}
{"level":"info","message":{"gaze_result":"","identification_result":"","inference_result":""},"method":"POST"}
{"level":"info","message":{"gaze_result":"","identification_result":"","inference_result":""},"method":"POST"}
{"level":"info","message":{"gaze_result":"","identification_result":"","inference_result":""},"method":"POST"}
{"level":"info","message":{"gaze_result":"","identification_result":"","inference_result":""},"method":"POST"}
{"level":"info","message":{"gaze_result":"","identification_result":"","inference_result":""},"method":"POST"}
{"level":"info","message":{"gaze_result":"","identification_result":"","inference_result":""},"method":"POST"}
{"level":"info","message":{"gaze_result":"","identification_result":"","inference_result":""},"method":"POST"}
{"level":"info","message":{"gaze_result":"","identification_result":"","inference_result":""},"method":"POST"}
{"level":"info","message":{"gaze_result":"","identification_result":"","inference_result":""},"method":"POST"}
{"level":"info","message":{"gaze_result":"","identification_result":"","inference_result":""},"method":"POST"}
{"level":"info","message":{"gaze_result":"","identification_result":"","inference_result":""},"method":"POST"}
{"level":"info","message":{"gaze_result":"","identification_result":"","inference_result":""},"method":"POST"}
{"level":"info","message":{"gaze_result":"","identification_result":"","inference_result":""},"method":"POST"}
{"level":"info","message":{"gaze_result":"","identification_result":"","inference_result":""},"method":"POST"}
{"level":"info","message":{"gaze_result":"","identification_result":"","inference_result":""},"method":"POST"}
{"level":"info","message":{"gaze_result":"","identification_result":"","inference_result":""},"method":"POST"}
{"level":"info","message":{"gaze_result":"","identification_result":"","inference_result":""},"method":"POST"}
{"level":"info","message":{"gaze_result":"","identification_result":"","inference_result":""},"method":"POST"}
{"level":"info","message":{"gaze_result":"","identification_result":"","inference_result":""},"method":"POST"}
{"level":"info","message":{"gaze_result":"","identification_result":"","inference_result":""},"method":"POST"}
{"level":"info","message":{"gaze_result":"","identification_result":"","inference_result":""},"method":"POST"}
{"level":"info","message":{"gaze_result":"","identification_result":"","inference_result":""},"method":"POST"}
{"level":"info","message":{"gaze_result":"","identification_result":"","inference_result":""},"method":"POST"}
{"level":"info","message":{"gaze_result":"","identification_result":"","inference_result":""},"method":"POST"}
{"level":"info","message":{"gaze_result":"","identification_result":"","inference_result":""},"method":"POST"}
{"level":"info","message":{"gaze_result":"","identification_result":"","inference_result":""},"method":"POST"}
{"level":"info","message":{"gaze_result":"","identification_result":"","inference_result":""},"method":"POST"}
{"level":"info","message":{"gaze_result":"","identification_result":"","inference_result":""},"method":"POST"}
{"level":"info","message":{"gaze_result":"","identification_result":"","inference_result":""},"method":"POST"}
{"level":"info","message":{"gaze_result":"","identification_result":"","inference_result":""},"method":"POST"}
{"level":"info","message":{"gaze_result":"","identification_result":"","inference_result":""},"method":"POST"}
{"level":"info","message":{"gaze_result":"","identification_result":"","inference_result":""},"method":"POST"}
{"level":"info","message":{"gaze_result":"","identification_result":"","inference_result":""},"method":"POST"}
{"level":"info","message":{"gaze_result":"","identification_result":"","inference_result":""},"method":"POST"}
{"level":"info","message":{"gaze_result":"","identification_result":"","inference_result":""},"method":"POST"}
{"level":"info","message":{"gaze_result":"","identification_result":"","inference_result":""},"method":"POST"}
{"level":"info","message":{"gaze_result":"","identification_result":"","inference_result":""},"method":"POST"}
{"level":"info","message":{"gaze_result":"","identification_result":"","inference_result":""},"method":"POST"}
{"level":"info","message":{"gaze_result":"","identification_result":"","inference_result":""},"method":"POST"}
{"level":"info","message":{"gaze_result":"","identification_result":"","inference_result":""},"method":"POST"}
{"level":"info","message":{"gaze_result":"","identification_result":"","inference_result":""},"method":"POST"}
{"level":"info","message":{"gaze_result":"","identification_result":"","inference_result":""},"method":"POST"}
{"level":"info","message":{"gaze_result":"","identification_result":"","inference_result":""},"method":"POST"}
{"level":"info","message":{"gaze_result":"","identification_result":"","inference_result":""},"method":"POST"}
{"level":"info","message":{"gaze_result":"","identification_result":"","inference_result":""},"method":"POST"}
{"level":"info","message":{"gaze_result":"","identification_result":"","inference_result":""},"method":"POST"}
{"level":"info","message":{"gaze_result":"","identification_result":"","inference_result":""},"method":"POST"}
{"level":"info","message":{"gaze_result":"","identification_result":"","inference_result":""},"method":"POST"}
{"level":"info","message":{"gaze_result":"","identification_result":"","inference_result":""},"method":"POST"}
{"level":"info","message":{"gaze_result":"","identification_result":"","inference_result":""},"method":"POST"}
{"level":"info","message":{"gaze_result":"","identification_result":"","inference_result":""},"method":"POST"}
{"level":"info","message":{"gaze_result":"","identification_result":"","inference_result":""},"method":"POST"}
{"level":"info","message":{"gaze_result":"","identification_result":"","inference_result":""},"method":"POST"}
{"level":"info","message":{"gaze_result":"","identification_result":"","inference_result":""},"method":"POST"}
{"level":"info","message":{"gaze_result":"","identification_result":"","inference_result":""},"method":"POST"}
{"level":"info","message":{"gaze_result":"","identification_result":"","inference_result":""},"method":"POST"}
{"level":"info","message":{"gaze_result":"","identification_result":"","inference_result":""},"method":"POST"}
{"level":"info","message":{"gaze_result":"","identification_result":"","inference_result":""},"method":"POST"}
{"level":"info","message":{"gaze_result":"","identification_result":"","inference_result":""},"method":"POST"}
{"level":"info","message":{"gaze_result":"","identification_result":"","inference_result":""},"method":"POST"}
{"level":"info","message":{"gaze_result":"","identification_result":"","inference_result":""},"method":"POST"}
{"level":"info","message":{"gaze_result":"","identification_result":"","inference_result":""},"method":"POST"}
{"level":"info","message":{"gaze_result":"","identification_result":"","inference_result":""},"method":"POST"}
{"level":"info","message":{"gaze_result":"","identification_result":"","inference_result":""},"method":"POST"}
{"level":"info","message":{"gaze_result":"","identification_result":"","inference_result":""},"method":"POST"}
{"level":"info","message":{"gaze_result":"","identification_result":"","inference_result":""},"method":"POST"}
{"level":"info","message":{"gaze_result":"","identification_result":"","inference_result":""},"method":"POST"}
{"level":"info","message":{"gaze_result":"","identification_result":"","inference_result":""},"method":"POST"}
{"level":"info","message":{"gaze_result":"","identification_result":"","inference_result":""},"method":"POST"}
{"level":"info","message":{"gaze_result":"","identification_result":"","inference_result":""},"method":"POST"}
{"level":"info","message":{"gaze_result":"","identification_result":"","inference_result":""},"method":"POST"}
{"level":"info","message":{"gaze_result":"","identification_result":"","inference_result":""},"method":"POST"}
{"level":"info","message":{"gaze_result":"","identification_result":"","inference_result":""},"method":"POST"}
{"level":"info","message":{"gaze_result":"","identification_result":"","inference_result":""},"method":"POST"}
{"level":"info","message":{"gaze_result":"","identification_result":"","inference_result":""},"method":"POST"}
{"level":"info","message":{"gaze_result":"","identification_result":"","inference_result":""},"method":"POST"}
{"level":"info","message":{"gaze_result":"","identification_result":"","inference_result":""},"method":"POST"}
{"level":"info","message":{"gaze_result":"","identification_result":"","inference_result":""},"method":"POST"}
{"level":"info","message":{"gaze_result":"","identification_result":"","inference_result":""},"method":"POST"}
{"level":"info","message":{"gaze_result":"","identification_result":"","inference_result":""},"method":"POST"}
{"level":"info","message":{"gaze_result":"","identification_result":"","inference_result":""},"method":"POST"}
{"level":"info","message":{"gaze_result":"","identification_result":"","inference_result":""},"method":"POST"}
{"level":"info","message":{"gaze_result":"","identification_result":"","inference_result":""},"method":"POST"}
{"level":"info","message":{"gaze_result":"","identification_result":"","inference_result":""},"method":"POST"}
{"level":"info","message":{"gaze_result":"","identification_result":"","inference_result":""},"method":"POST"}
{"level":"info","message":{"gaze_result":"","identification_result":"","inference_result":""},"method":"POST"}
{"level":"info","message":{"gaze_result":"","identification_result":"","inference_result":""},"method":"POST"}
{"level":"info","message":{"gaze_result":"","identification_result":"","inference_result":""},"method":"POST"}
{"level":"info","message":{"gaze_result":"","identification_result":"","inference_result":""},"method":"POST"}
{"level":"info","message":{"gaze_result":"","identification_result":"","inference_result":""},"method":"POST"}
{"level":"info","message":{"gaze_result":"","identification_result":"","inference_result":""},"method":"POST"}
{"level":"info","message":{"gaze_result":"","identification_result":"","inference_result":""},"method":"POST"}
{"level":"info","message":{"gaze_result":"","identification_result":"","inference_result":""},"method":"POST"}
{"level":"info","message":{"gaze_result":"","identification_result":"","inference_result":""},"method":"POST"}
{"level":"info","message":{"gaze_result":"","identification_result":"","inference_result":""},"method":"POST"}
{"level":"info","message":{"gaze_result":"","identification_result":"","inference_result":""},"method":"POST"}
{"level":"info","message":{"gaze_result":"","identification_result":"","inference_result":""},"method":"POST"}
{"level":"info","message":{"gaze_result":"","identification_result":"","inference_result":""},"method":"POST"}
{"level":"info","message":{"gaze_result":"","identification_result":"","inference_result":""},"method":"POST"}
{"level":"info","message":{"gaze_result":"","identification_result":"","inference_result":""},"method":"POST"}
{"level":"info","message":{"gaze_result":"","identification_result":"","inference_result":""},"method":"POST"}
{"level":"info","message":{"gaze_result":"","identification_result":"","inference_result":""},"method":"POST"}
{"level":"info","message":{"gaze_result":"","identification_result":"","inference_result":""},"method":"POST"}
{"level":"info","message":{"gaze_result":"","identification_result":"","inference_result":""},"method":"POST"}
{"level":"info","message":{"gaze_result":"","identification_result":"","inference_result":""},"method":"POST"}
{"level":"info","message":{"gaze_result":"","identification_result":"","inference_result":""},"method":"POST"}
{"level":"info","message":{"gaze_result":"","identification_result":"","inference_result":""},"method":"POST"}
{"level":"info","message":{"gaze_result":"","identification_result":"","inference_result":""},"method":"POST"}
{"level":"info","message":{"gaze_result":"","identification_result":"","inference_result":""},"method":"POST"}
{"level":"info","message":{"gaze_result":"","identification_result":"","inference_result":""},"method":"POST"}
{"level":"info","message":{"gaze_result":"","identification_result":"","inference_result":""},"method":"POST"}
{"level":"info","message":{"gaze_result":"","identification_result":"","inference_result":""},"method":"POST"}
{"level":"info","message":{"gaze_result":"","identification_result":"","inference_result":""},"method":"POST"}
{"level":"info","message":{"gaze_result":"","identification_result":"","inference_result":""},"method":"POST"}
{"level":"info","message":{"gaze_result":"","identification_result":"","inference_result":""},"method":"POST"}
{"level":"info","message":{"gaze_result":"","identification_result":"","inference_result":""},"method":"POST"}
{"level":"info","message":{"gaze_result":"","identification_result":"","inference_result":""},"method":"POST"}
{"level":"info","message":{"gaze_result":"","identification_result":"","inference_result":""},"method":"POST"}
{"level":"info","message":{"gaze_result":"","identification_result":"","inference_result":""},"method":"POST"}
{"level":"info","message":{"gaze_result":"","identification_result":"","inference_result":""},"method":"POST"}
{"level":"info","message":{"gaze_result":"","identification_result":"","inference_result":""},"method":"POST"}
{"level":"info","message":{"gaze_result":"","identification_result":"","inference_result":""},"method":"POST"}
{"level":"info","message":{"gaze_result":"","identification_result":"","inference_result":""},"method":"POST"}
{"level":"info","message":{"gaze_result":"","identification_result":"","inference_result":""},"method":"POST"}
{"level":"info","message":{"gaze_result":"","identification_result":"","inference_result":""},"method":"POST"}
{"level":"info","message":{"gaze_result":"","identification_result":"","inference_result":""},"method":"POST"}
{"level":"info","message":{"gaze_result":"","identification_result":"","inference_result":""},"method":"POST"}
{"level":"info","message":{"gaze_result":"","identification_result":"","inference_result":""},"method":"POST"}
{"level":"info","message":{"gaze_result":"","identification_result":"","inference_result":""},"method":"POST"}
{"level":"info","message":{"gaze_result":"","identification_result":"","inference_result":""},"method":"POST"}
{"level":"info","message":{"gaze_result":"","identification_result":"","inference_result":""},"method":"POST"}
{"level":"info","message":{"gaze_result":"","identification_result":"","inference_result":""},"method":"POST"}
{"level":"info","message":{"gaze_result":"","identification_result":"","inference_result":""},"method":"POST"}
{"level":"info","message":{"gaze_result":"","identification_result":"","inference_result":""},"method":"POST"}
{"level":"info","message":{"gaze_result":"","identification_result":"","inference_result":""},"method":"POST"}
{"level":"info","message":{"gaze_result":"","identification_result":"","inference_result":""},"method":"POST"}
{"level":"info","message":{"gaze_result":"","identification_result":"","inference_result":""},"method":"POST"}
{"level":"info","message":{"gaze_result":"","identification_result":"","inference_result":""},"method":"POST"}
{"level":"info","message":{"gaze_result":"","identification_result":"","inference_result":""},"method":"POST"}
{"level":"info","message":{"gaze_result":"","identification_result":"","inference_result":""},"method":"POST"}
{"level":"info","message":{"gaze_result":"","identification_result":"","inference_result":""},"method":"POST"}
{"level":"info","message":{"gaze_result":"","identification_result":"","inference_result":""},"method":"POST"}
{"level":"info","message":{"gaze_result":"","identification_result":"","inference_result":""},"method":"POST"}
{"level":"info","message":{"gaze_result":"","identification_result":"","inference_result":""},"method":"POST"}
{"level":"info","message":{"gaze_result":"","identification_result":"","inference_result":""},"method":"POST"}
{"level":"info","message":{"gaze_result":"","identification_result":"","inference_result":""},"method":"POST"}
{"level":"info","message":{"gaze_result":"","identification_result":"","inference_result":""},"method":"POST"}
{"level":"info","message":{"gaze_result":"","identification_result":"","inference_result":""},"method":"POST"}
{"level":"info","message":{"gaze_result":"","identification_result":"","inference_result":""},"method":"POST"}
{"level":"info","message":{"gaze_result":"","identification_result":"","inference_result":""},"method":"POST"}
{"level":"info","message":{"gaze_result":"","identification_result":"","inference_result":""},"method":"POST"}
{"level":"info","message":{"gaze_result":"","identification_result":"","inference_result":""},"method":"POST"}
{"level":"info","message":{"gaze_result":"","identification_result":"","inference_result":""},"method":"POST"}
{"level":"info","message":{"gaze_result":"","identification_result":"","inference_result":""},"method":"POST"}
{"level":"info","message":{"gaze_result":"","identification_result":"","inference_result":""},"method":"POST"}
{"level":"info","message":{"gaze_result":"","identification_result":"","inference_result":""},"method":"POST"}
{"level":"info","message":{"gaze_result":"","identification_result":"","inference_result":""},"method":"POST"}
{"level":"info","message":{"gaze_result":"","identification_result":"","inference_result":""},"method":"POST"}
{"level":"info","message":{"gaze_result":"","identification_result":"","inference_result":""},"method":"POST"}
{"level":"info","message":{"gaze_result":"","identification_result":"","inference_result":""},"method":"POST"}
{"level":"info","message":{"gaze_result":"","identification_result":"","inference_result":""},"method":"POST"}
{"level":"info","message":{"gaze_result":"","identification_result":"","inference_result":""},"method":"POST"}
{"level":"info","message":{"gaze_result":"","identification_result":"","inference_result":""},"method":"POST"}
{"level":"info","message":{"gaze_result":"","identification_result":"","inference_result":""},"method":"POST"}
{"level":"info","message":{"gaze_result":"","identification_result":"","inference_result":""},"method":"POST"}
{"level":"info","message":{"gaze_result":"","identification_result":"","inference_result":""},"method":"POST"}
{"level":"info","message":{"gaze_result":"","identification_result":"","inference_result":""},"method":"POST"}
{"level":"info","message":{"gaze_result":"","identification_result":"","inference_result":""},"method":"POST"}
{"level":"info","message":{"gaze_result":"","identification_result":"","inference_result":""},"method":"POST"}
{"level":"info","message":{"gaze_result":"","identification_result":"","inference_result":""},"method":"POST"}
{"level":"info","message":{"gaze_result":"","identification_result":"","inference_result":""},"method":"POST"}
{"level":"info","message":{"gaze_result":"","identification_result":"","inference_result":""},"method":"POST"}
{"level":"info","message":{"gaze_result":"","identification_result":"","inference_result":""},"method":"POST"}
{"level":"info","message":{"gaze_result":"","identification_result":"","inference_result":""},"method":"POST"}
{"level":"info","message":{"gaze_result":"","identification_result":"","inference_result":""},"method":"POST"}
{"level":"info","message":{"gaze_result":"","identification_result":"","inference_result":""},"method":"POST"}
{"level":"info","message":{"gaze_result":"","identification_result":"","inference_result":""},"method":"POST"}
{"level":"info","message":{"gaze_result":"","identification_result":"","inference_result":""},"method":"POST"}
{"level":"info","message":{"gaze_result":"","identification_result":"","inference_result":""},"method":"POST"}
{"level":"info","message":{"gaze_result":"","identification_result":"","inference_result":""},"method":"POST"}
{"level":"info","message":{"gaze_result":"","identification_result":"","inference_result":""},"method":"POST"}
{"level":"info","message":{"gaze_result":"","identification_result":"","inference_result":""},"method":"POST"}
{"level":"info","message":{"gaze_result":"","identification_result":"","inference_result":""},"method":"POST"}
{"level":"info","message":{"gaze_result":"","identification_result":"","inference_result":""},"method":"POST"}
{"level":"info","message":{"gaze_result":"","identification_result":"","inference_result":""},"method":"POST"}
{"level":"info","message":{"gaze_result":"","identification_result":"","inference_result":""},"method":"POST"}
{"level":"info","message":{"gaze_result":"","identification_result":"","inference_result":""},"method":"POST"}
{"level":"info","message":{"gaze_result":"","identification_result":"","inference_result":""},"method":"POST"}
{"level":"info","message":{"gaze_result":"","identification_result":"","inference_result":""},"method":"POST"}
{"level":"info","message":{"gaze_result":"","identification_result":"","inference_result":""},"method":"POST"}
{"level":"info","message":{"gaze_result":"","identification_result":"","inference_result":""},"method":"POST"}
{"level":"info","message":{"gaze_result":"","identification_result":"","inference_result":""},"method":"POST"}
{"level":"info","message":{"gaze_result":"","identification_result":"","inference_result":""},"method":"POST"}
{"level":"info","message":{"gaze_result":"","identification_result":"","inference_result":""},"method":"POST"}
{"level":"info","message":{"gaze_result":"","identification_result":"","inference_result":""},"method":"POST"}
{"level":"info","message":{"gaze_result":"","identification_result":"","inference_result":""},"method":"POST"}
{"level":"info","message":{"gaze_result":"","identification_result":"","inference_result":""},"method":"POST"}
{"level":"info","message":{"gaze_result":"","identification_result":"","inference_result":""},"method":"POST"}
{"level":"info","message":{"gaze_result":"","identification_result":"","inference_result":""},"method":"POST"}
{"level":"info","message":{"gaze_result":"","identification_result":"","inference_result":""},"method":"POST"}
{"level":"info","message":{"gaze_result":"","identification_result":"","inference_result":""},"method":"POST"}
{"level":"info","message":{"gaze_result":"","identification_result":"","inference_result":""},"method":"POST"}
{"level":"info","message":{"gaze_result":"","identification_result":"","inference_result":""},"method":"POST"}
{"level":"info","message":{"gaze_result":"","identification_result":"","inference_result":""},"method":"POST"}
{"level":"info","message":{"gaze_result":"","identification_result":"","inference_result":""},"method":"POST"}
{"level":"info","message":{"gaze_result":"","identification_result":"","inference_result":""},"method":"POST"}
{"level":"info","message":{"gaze_result":"","identification_result":"","inference_result":""},"method":"POST"}
{"level":"info","message":{"gaze_result":"","identification_result":"","inference_result":""},"method":"POST"}
{"level":"info","message":{"gaze_result":"","identification_result":"","inference_result":""},"method":"POST"}
{"level":"info","message":{"gaze_result":"","identification_result":"","inference_result":""},"method":"POST"}
{"level":"info","message":{"gaze_result":"","identification_result":"","inference_result":""},"method":"POST"}
{"level":"info","message":{"gaze_result":"","identification_result":"","inference_result":""},"method":"POST"}
{"level":"info","message":{"gaze_result":"","identification_result":"","inference_result":""},"method":"POST"}
{"level":"info","message":{"gaze_result":"","identification_result":"","inference_result":""},"method":"POST"}
{"level":"info","message":{"gaze_result":"","identification_result":"","inference_result":""},"method":"POST"}
{"level":"info","message":{"gaze_result":"","identification_result":"","inference_result":""},"method":"POST"}
{"level":"info","message":{"gaze_result":"","identification_result":"","inference_result":""},"method":"POST"}
{"level":"info","message":{"gaze_result":"","identification_result":"","inference_result":""},"method":"POST"}
{"level":"info","message":{"gaze_result":"","identification_result":"","inference_result":""},"method":"POST"}
{"level":"info","message":{"gaze_result":"","identification_result":"","inference_result":""},"method":"POST"}
{"level":"info","message":{"gaze_result":"","identification_result":"","inference_result":""},"method":"POST"}
{"level":"info","message":{"gaze_result":"","identification_result":"","inference_result":""},"method":"POST"}
{"level":"info","message":{"gaze_result":"","identification_result":"","inference_result":""},"method":"POST"}
{"level":"info","message":{"gaze_result":"","identification_result":"","inference_result":""},"method":"POST"}
{"level":"info","message":{"gaze_result":"","identification_result":"","inference_result":""},"method":"POST"}
{"level":"info","message":{"gaze_result":"","identification_result":"","inference_result":""},"method":"POST"}
{"level":"info","message":{"gaze_result":"","identification_result":"","inference_result":""},"method":"POST"}
{"level":"info","message":{"gaze_result":"","identification_result":"","inference_result":""},"method":"POST"}
{"level":"info","message":{"gaze_result":"","identification_result":"","inference_result":""},"method":"POST"}
{"level":"info","message":{"gaze_result":"","identification_result":"","inference_result":""},"method":"POST"}
{"level":"info","message":{"gaze_result":"","identification_result":"","inference_result":""},"method":"POST"}
{"level":"info","message":{"gaze_result":"","identification_result":"","inference_result":""},"method":"POST"}
{"level":"info","message":{"gaze_result":"","identification_result":"","inference_result":""},"method":"POST"}
{"level":"info","message":{"gaze_result":"","identification_result":"","inference_result":""},"method":"POST"}
{"level":"info","message":{"gaze_result":"","identification_result":"","inference_result":""},"method":"POST"}
{"level":"info","message":{"gaze_result":"","identification_result":"","inference_result":""},"method":"POST"}
{"level":"info","message":{"gaze_result":"","identification_result":"","inference_result":""},"method":"POST"}
{"level":"info","message":{"gaze_result":"","identification_result":"","inference_result":""},"method":"POST"}
{"level":"info","message":{"gaze_result":"","identification_result":"","inference_result":""},"method":"POST"}
{"level":"info","message":{"gaze_result":"","identification_result":"","inference_result":""},"method":"POST"}
{"level":"info","message":{"gaze_result":"","identification_result":"","inference_result":""},"method":"POST"}
{"level":"info","message":{"gaze_result":"","identification_result":"","inference_result":""},"method":"POST"}
{"level":"info","message":{"gaze_result":"","identification_result":"","inference_result":""},"method":"POST"}
{"level":"info","message":{"gaze_result":"","identification_result":"","inference_result":""},"method":"POST"}
{"level":"info","message":{"gaze_result":"","identification_result":"","inference_result":""},"method":"POST"}
{"level":"info","message":{"gaze_result":"","identification_result":"","inference_result":""},"method":"POST"}
{"level":"info","message":{"gaze_result":"","identification_result":"","inference_result":""},"method":"POST"}
{"level":"info","message":{"gaze_result":"","identification_result":"","inference_result":""},"method":"POST"}
{"level":"info","message":{"gaze_result":"","identification_result":"","inference_result":""},"method":"POST"}
{"level":"info","message":{"gaze_result":"","identification_result":"","inference_result":""},"method":"POST"}
{"level":"info","message":{"gaze_result":"","identification_result":"","inference_result":""},"method":"POST"}
{"level":"info","message":{"gaze_result":"","identification_result":"","inference_result":""},"method":"POST"}
{"level":"info","message":{"gaze_result":"","identification_result":"","inference_result":""},"method":"POST"}
{"level":"info","message":{"gaze_result":"","identification_result":"","inference_result":""},"method":"POST"}
{"level":"info","message":{"gaze_result":"","identification_result":"","inference_result":""},"method":"POST"}
{"level":"info","message":{"gaze_result":"","identification_result":"","inference_result":""},"method":"POST"}
{"level":"info","message":{"gaze_result":"","identification_result":"","inference_result":""},"method":"POST"}
{"level":"info","message":{"gaze_result":"","identification_result":"","inference_result":""},"method":"POST"}
{"level":"info","message":{"gaze_result":"","identification_result":"","inference_result":""},"method":"POST"}
{"level":"info","message":{"gaze_result":"","identification_result":"","inference_result":""},"method":"POST"}
{"level":"info","message":{"gaze_result":"","identification_result":"","inference_result":""},"method":"POST"}
{"level":"info","message":{"gaze_result":"","identification_result":"","inference_result":""},"method":"POST"}
{"level":"info","message":{"gaze_result":"","identification_result":"","inference_result":""},"method":"POST"}
{"level":"info","message":{"gaze_result":"","identification_result":"","inference_result":""},"method":"POST"}
{"level":"info","message":{"gaze_result":"","identification_result":"","inference_result":""},"method":"POST"}
{"level":"info","message":{"gaze_result":"","identification_result":"","inference_result":""},"method":"POST"}
{"level":"info","message":{"gaze_result":"","identification_result":"","inference_result":""},"method":"POST"}
{"level":"info","message":{"gaze_result":"","identification_result":"","inference_result":""},"method":"POST"}
{"level":"info","message":{"gaze_result":"","identification_result":"","inference_result":""},"method":"POST"}
{"level":"info","message":{"gaze_result":"","identification_result":"","inference_result":""},"method":"POST"}
{"level":"info","message":{"gaze_result":"","identification_result":"","inference_result":""},"method":"POST"}
{"level":"info","message":{"gaze_result":"","identification_result":"","inference_result":""},"method":"POST"}
{"level":"info","message":{"gaze_result":"","identification_result":"","inference_result":""},"method":"POST"}
{"level":"info","message":{"gaze_result":"","identification_result":"","inference_result":""},"method":"POST"}
{"level":"info","message":{"gaze_result":"","identification_result":"","inference_result":""},"method":"POST"}
{"level":"info","message":{"gaze_result":"","identification_result":"","inference_result":""},"method":"POST"}
{"level":"info","message":{"gaze_result":"","identification_result":"","inference_result":""},"method":"POST"}
{"level":"info","message":{"gaze_result":"","identification_result":"","inference_result":""},"method":"POST"}
{"level":"info","message":{"gaze_result":"","identification_result":"","inference_result":""},"method":"POST"}
{"level":"info","message":{"gaze_result":"","identification_result":"","inference_result":""},"method":"POST"}
{"level":"info","message":{"gaze_result":"","identification_result":"","inference_result":""},"method":"POST"}
{"level":"info","message":{"gaze_result":"","identification_result":"","inference_result":""},"method":"POST"}
{"level":"info","message":{"gaze_result":"","identification_result":"","inference_result":""},"method":"POST"}
{"level":"info","message":{"gaze_result":"","identification_result":"","inference_result":""},"method":"POST"}
{"level":"info","message":{"gaze_result":"","identification_result":"","inference_result":""},"method":"POST"}
{"level":"info","message":{"gaze_result":"","identification_result":"","inference_result":""},"method":"POST"}
{"level":"info","message":{"gaze_result":"","identification_result":"","inference_result":""},"method":"POST"}
{"level":"info","message":{"gaze_result":"","identification_result":"","inference_result":""},"method":"POST"}
{"level":"info","message":{"gaze_result":"","identification_result":"","inference_result":""},"method":"POST"}
{"level":"info","message":{"gaze_result":"","identification_result":"","inference_result":""},"method":"POST"}
{"level":"info","message":{"gaze_result":"","identification_result":"","inference_result":""},"method":"POST"}
{"level":"info","message":{"gaze_result":"","identification_result":"","inference_result":""},"method":"POST"}
{"level":"info","message":{"gaze_result":"","identification_result":"","inference_result":""},"method":"POST"}
{"level":"info","message":{"gaze_result":"","identification_result":"","inference_result":""},"method":"POST"}
{"level":"info","message":{"gaze_result":"","identification_result":"","inference_result":""},"method":"POST"}
{"level":"info","message":{"gaze_result":"","identification_result":"","inference_result":""},"method":"POST"}
{"level":"info","message":{"gaze_result":"","identification_result":"","inference_result":""},"method":"POST"}
{"level":"info","message":{"gaze_result":"","identification_result":"","inference_result":""},"method":"POST"}
{"level":"info","message":{"gaze_result":"","identification_result":"","inference_result":""},"method":"POST"}
{"level":"info","message":{"gaze_result":"","identification_result":"","inference_result":""},"method":"POST"}
{"level":"info","message":{"gaze_result":"","identification_result":"","inference_result":""},"method":"POST"}
{"level":"info","message":{"gaze_result":"","identification_result":"","inference_result":""},"method":"POST"}
{"level":"info","message":{"gaze_result":"","identification_result":"","inference_result":""},"method":"POST"}
{"level":"info","message":{"gaze_result":"","identification_result":"","inference_result":""},"method":"POST"}
{"level":"info","message":{"gaze_result":"","identification_result":"","inference_result":""},"method":"POST"}
{"level":"info","message":{"gaze_result":"","identification_result":"","inference_result":""},"method":"POST"}
{"level":"info","message":{"gaze_result":"","identification_result":"","inference_result":""},"method":"POST"}
{"level":"info","message":{"gaze_result":"","identification_result":"","inference_result":""},"method":"POST"}
{"level":"info","message":{"gaze_result":"","identification_result":"","inference_result":""},"method":"POST"}
{"level":"info","message":{"gaze_result":"","identification_result":"","inference_result":""},"method":"POST"}
{"level":"info","message":{"gaze_result":"","identification_result":"","inference_result":""},"method":"POST"}
{"level":"info","message":{"gaze_result":"","identification_result":"","inference_result":""},"method":"POST"}
{"level":"info","message":{"gaze_result":"","identification_result":"","inference_result":""},"method":"POST"}
{"level":"info","message":{"gaze_result":"","identification_result":"","inference_result":""},"method":"POST"}
{"level":"info","message":{"gaze_result":"","identification_result":"","inference_result":""},"method":"POST"}
{"level":"info","message":{"gaze_result":"","identification_result":"","inference_result":""},"method":"POST"}
{"level":"info","message":{"gaze_result":"","identification_result":"","inference_result":""},"method":"POST"}
{"level":"info","message":{"gaze_result":"","identification_result":"","inference_result":""},"method":"POST"}
{"level":"info","message":{"gaze_result":"","identification_result":"","inference_result":""},"method":"POST"}
{"level":"info","message":{"gaze_result":"","identification_result":"","inference_result":""},"method":"POST"}
{"level":"info","message":{"gaze_result":"","identification_result":"","inference_result":""},"method":"POST"}
{"level":"info","message":{"gaze_result":"","identification_result":"","inference_result":""},"method":"POST"}
{"level":"info","message":{"gaze_result":"","identification_result":"","inference_result":""},"method":"POST"}
{"level":"info","message":{"gaze_result":"","identification_result":"","inference_result":""},"method":"POST"}
{"level":"info","message":{"gaze_result":"","identification_result":"","inference_result":""},"method":"POST"}
{"level":"info","message":{"gaze_result":"","identification_result":"","inference_result":""},"method":"POST"}
{"level":"info","message":{"gaze_result":"","identification_result":"","inference_result":""},"method":"POST"}
{"level":"info","message":{"gaze_result":"","identification_result":"","inference_result":""},"method":"POST"}
{"level":"info","message":{"gaze_result":"","identification_result":"","inference_result":""},"method":"POST"}
{"level":"info","message":{"gaze_result":"","identification_result":"","inference_result":""},"method":"POST"}
{"level":"info","message":{"gaze_result":"","identification_result":"","inference_result":""},"method":"POST"}
{"level":"info","message":{"gaze_result":"","identification_result":"","inference_result":""},"method":"POST"}
{"level":"info","message":{"gaze_result":"","identification_result":"","inference_result":""},"method":"POST"}
{"level":"info","message":{"gaze_result":"","identification_result":"","inference_result":""},"method":"POST"}
{"level":"info","message":{"gaze_result":"","identification_result":"","inference_result":""},"method":"POST"}
{"level":"info","message":{"gaze_result":"","identification_result":"","inference_result":""},"method":"POST"}
{"level":"info","message":{"gaze_result":"","identification_result":"","inference_result":""},"method":"POST"}
{"level":"info","message":{"gaze_result":"","identification_result":"","inference_result":""},"method":"POST"}
{"level":"info","message":{"gaze_result":"","identification_result":"","inference_result":""},"method":"POST"}
{"level":"info","message":{"gaze_result":"","identification_result":"","inference_result":""},"method":"POST"}
{"level":"info","message":{"gaze_result":"","identification_result":"","inference_result":""},"method":"POST"}
{"level":"info","message":{"gaze_result":"","identification_result":"","inference_result":""},"method":"POST"}
{"level":"info","message":{"gaze_result":"","identification_result":"","inference_result":""},"method":"POST"}
{"level":"info","message":{"gaze_result":"","identification_result":"","inference_result":""},"method":"POST"}
{"level":"info","message":{"gaze_result":"","identification_result":"","inference_result":""},"method":"POST"}
{"level":"info","message":{"gaze_result":"","identification_result":"","inference_result":""},"method":"POST"}
{"level":"info","message":{"gaze_result":"","identification_result":"","inference_result":""},"method":"POST"}
{"level":"info","message":{"gaze_result":"","identification_result":"","inference_result":""},"method":"POST"}
{"level":"info","message":{"gaze_result":"","identification_result":"","inference_result":""},"method":"POST"}
{"level":"info","message":{"gaze_result":"","identification_result":"","inference_result":""},"method":"POST"}
{"level":"info","message":{"gaze_result":"","identification_result":"","inference_result":""},"method":"POST"}
{"level":"info","message":{"gaze_result":"","identification_result":"","inference_result":""},"method":"POST"}
{"level":"info","message":{"gaze_result":"","identification_result":"","inference_result":""},"method":"POST"}
{"level":"info","message":{"gaze_result":"","identification_result":"","inference_result":""},"method":"POST"}
{"level":"info","message":{"gaze_result":"","identification_result":"","inference_result":""},"method":"POST"}
{"level":"info","message":{"gaze_result":"","identification_result":"","inference_result":""},"method":"POST"}
{"level":"info","message":{"gaze_result":"","identification_result":"","inference_result":""},"method":"POST"}
{"level":"info","message":{"gaze_result":"","identification_result":"","inference_result":""},"method":"POST"}
{"level":"info","message":{"gaze_result":"","identification_result":"","inference_result":""},"method":"POST"}
{"level":"info","message":{"gaze_result":"","identification_result":"","inference_result":""},"method":"POST"}
{"level":"info","message":{"gaze_result":"","identification_result":"","inference_result":""},"method":"POST"}
{"level":"info","message":{"gaze_result":"","identification_result":"","inference_result":""},"method":"POST"}
{"level":"info","message":{"gaze_result":"","identification_result":"","inference_result":""},"method":"POST"}
{"level":"info","message":{"gaze_result":"","identification_result":"","inference_result":""},"method":"POST"}
{"level":"info","message":{"gaze_result":"","identification_result":"","inference_result":""},"method":"POST"}
{"level":"info","message":{"gaze_result":"","identification_result":"","inference_result":""},"method":"POST"}
{"level":"info","message":{"gaze_result":"","identification_result":"","inference_result":""},"method":"POST"}
{"level":"info","message":{"gaze_result":"","identification_result":"","inference_result":""},"method":"POST"}
{"level":"info","message":{"gaze_result":"","identification_result":"","inference_result":""},"method":"POST"}
{"level":"info","message":{"gaze_result":"","identification_result":"","inference_result":""},"method":"POST"}
{"level":"info","message":{"gaze_result":"","identification_result":"","inference_result":""},"method":"POST"}
{"level":"info","message":{"gaze_result":"","identification_result":"","inference_result":""},"method":"POST"}
{"level":"info","message":{"gaze_result":"","identification_result":"","inference_result":""},"method":"POST"}
{"level":"info","message":{"gaze_result":"","identification_result":"","inference_result":""},"method":"POST"}
{"level":"info","message":{"gaze_result":"","identification_result":"","inference_result":""},"method":"POST"}
{"level":"info","message":{"gaze_result":"","identification_result":"","inference_result":""},"method":"POST"}
{"level":"info","message":{"gaze_result":"","identification_result":"","inference_result":""},"method":"POST"}
{"level":"info","message":{"gaze_result":"","identification_result":"","inference_result":""},"method":"POST"}
{"level":"info","message":{"gaze_result":"","identification_result":"","inference_result":""},"method":"POST"}
{"level":"info","message":{"gaze_result":"","identification_result":"","inference_result":""},"method":"POST"}
{"level":"info","message":{"gaze_result":"","identification_result":"","inference_result":""},"method":"POST"}
{"level":"info","message":{"gaze_result":"","identification_result":"","inference_result":""},"method":"POST"}
{"level":"info","message":{"gaze_result":"","identification_result":"","inference_result":""},"method":"POST"}
{"level":"info","message":{"gaze_result":"","identification_result":"","inference_result":""},"method":"POST"}
{"level":"info","message":{"gaze_result":"","identification_result":"","inference_result":""},"method":"POST"}
{"level":"info","message":{"gaze_result":"","identification_result":"","inference_result":""},"method":"POST"}
{"level":"info","message":{"gaze_result":"","identification_result":"","inference_result":""},"method":"POST"}
{"level":"info","message":{"gaze_result":"","identification_result":"","inference_result":""},"method":"POST"}
{"level":"info","message":{"gaze_result":"","identification_result":"","inference_result":""},"method":"POST"}
{"level":"info","message":{"gaze_result":"","identification_result":"","inference_result":""},"method":"POST"}
{"level":"info","message":{"gaze_result":"","identification_result":"","inference_result":""},"method":"POST"}
{"level":"info","message":{"gaze_result":"","identification_result":"","inference_result":""},"method":"POST"}
{"level":"info","message":{"gaze_result":"Left Movement = 1\nNo Movement = 0\nRight Movement = 0\n\nLeft Movement 100.0%\nNo Movement 0.0%\nRight Movement 0.0%","identification_result":"Correct Face = 0\nNo Face = 0\nWrong Face = 1\n\\Correct Face 0.0%\nNo Face 0.0%\nWrong Face 100.0%","inference_result":"\ncell phone\nperson\n"},"method":"POST"}
{"level":"info","message":{"gaze_result":"Left Movement = 2\nNo Movement = 0\nRight Movement = 0\n\nLeft Movement 100.0%\nNo Movement 0.0%\nRight Movement 0.0%","identification_result":"Correct Face = 0\nNo Face = 0\nWrong Face = 2\n\\Correct Face 0.0%\nNo Face 0.0%\nWrong Face 100.0%","inference_result":"\ncell phone\nperson\n"},"method":"POST"}
{"level":"info","message":{"gaze_result":"Left Movement = 3\nNo Movement = 0\nRight Movement = 0\n\nLeft Movement 100.0%\nNo Movement 0.0%\nRight Movement 0.0%","identification_result":"Correct Face = 0\nNo Face = 0\nWrong Face = 3\n\\Correct Face 0.0%\nNo Face 0.0%\nWrong Face 100.0%","inference_result":"\ncell phone\nperson\n"},"method":"POST"}
{"level":"info","message":{"gaze_result":"Left Movement = 4\nNo Movement = 0\nRight Movement = 0\n\nLeft Movement 100.0%\nNo Movement 0.0%\nRight Movement 0.0%","identification_result":"Correct Face = 0\nNo Face = 0\nWrong Face = 4\n\\Correct Face 0.0%\nNo Face 0.0%\nWrong Face 100.0%","inference_result":"\ncell phone\nperson\n"},"method":"POST"}
{"level":"info","message":{"gaze_result":"Left Movement = 4\nNo Movement = 1\nRight Movement = 0\n\nLeft Movement 80.0%\nNo Movement 20.0%\nRight Movement 0.0%","identification_result":"Correct Face = 0\nNo Face = 0\nWrong Face = 5\n\\Correct Face 0.0%\nNo Face 0.0%\nWrong Face 100.0%","inference_result":"\ncell phone\nperson\n"},"method":"POST"}
{"level":"info","message":{"gaze_result":"Left Movement = 5\nNo Movement = 1\nRight Movement = 0\n\nLeft Movement 83.33%\nNo Movement 16.67%\nRight Movement 0.0%","identification_result":"Correct Face = 0\nNo Face = 0\nWrong Face = 6\n\\Correct Face 0.0%\nNo Face 0.0%\nWrong Face 100.0%","inference_result":"\ncell phone\nperson\n"},"method":"POST"}
{"level":"info","message":{"gaze_result":"Left Movement = 0\nNo Movement = 1\nRight Movement = 0\n\nLeft Movement 0.0%\nNo Movement 100.0%\nRight Movement 0.0%","identification_result":"Correct Face = 0\nNo Face = 0\nWrong Face = 1\n\\Correct Face 0.0%\nNo Face 0.0%\nWrong Face 100.0%","inference_result":""},"method":"POST"}
{"level":"info","message":{"gaze_result":"Left Movement = 0\nNo Movement = 2\nRight Movement = 0\n\nLeft Movement 0.0%\nNo Movement 100.0%\nRight Movement 0.0%","identification_result":"Correct Face = 0\nNo Face = 0\nWrong Face = 2\n\\Correct Face 0.0%\nNo Face 0.0%\nWrong Face 100.0%","inference_result":""},"method":"POST"}
{"level":"info","message":{"gaze_result":"Left Movement = 1\nNo Movement = 2\nRight Movement = 0\n\nLeft Movement 33.33%\nNo Movement 66.67%\nRight Movement 0.0%","identification_result":"Correct Face = 0\nNo Face = 0\nWrong Face = 3\n\\Correct Face 0.0%\nNo Face 0.0%\nWrong Face 100.0%","inference_result":""},"method":"POST"}
{"level":"info","message":{"gaze_result":"Left Movement = 1\nNo Movement = 3\nRight Movement = 0\n\nLeft Movement 25.0%\nNo Movement 75.0%\nRight Movement 0.0%","identification_result":"Correct Face = 1\nNo Face = 0\nWrong Face = 3\n\\Correct Face 25.0%\nNo Face 0.0%\nWrong Face 75.0%","inference_result":""},"method":"POST"}
{"level":"info","message":{"gaze_result":"Left Movement = 1\nNo Movement = 4\nRight Movement = 0\n\nLeft Movement 20.0%\nNo Movement 80.0%\nRight Movement 0.0%","identification_result":"Correct Face = 1\nNo Face = 0\nWrong Face = 4\n\\Correct Face 20.0%\nNo Face 0.0%\nWrong Face 80.0%","inference_result":""},"method":"POST"}
{"level":"info","message":{"gaze_result":"Left Movement = 2\nNo Movement = 4\nRight Movement = 0\n\nLeft Movement 33.33%\nNo Movement 66.67%\nRight Movement 0.0%","identification_result":"Correct Face = 1\nNo Face = 0\nWrong Face = 5\n\\Correct Face 16.67%\nNo Face 0.0%\nWrong Face 83.33%","inference_result":""},"method":"POST"}
{"level":"info","message":{"gaze_result":"Left Movement = 2\nNo Movement = 5\nRight Movement = 0\n\nLeft Movement 28.57%\nNo Movement 71.43%\nRight Movement 0.0%","identification_result":"Correct Face = 2\nNo Face = 0\nWrong Face = 5\n\\Correct Face 28.57%\nNo Face 0.0%\nWrong Face 71.43%","inference_result":""},"method":"POST"}
{"level":"info","message":{"gaze_result":"Left Movement = 2\nNo Movement = 6\nRight Movement = 0\n\nLeft Movement 25.0%\nNo Movement 75.0%\nRight Movement 0.0%","identification_result":"Correct Face = 2\nNo Face = 0\nWrong Face = 6\n\\Correct Face 25.0%\nNo Face 0.0%\nWrong Face 75.0%","inference_result":""},"method":"POST"}
{"level":"info","message":{"gaze_result":"Left Movement = 2\nNo Movement = 7\nRight Movement = 0\n\nLeft Movement 22.22%\nNo Movement 77.78%\nRight Movement 0.0%","identification_result":"Correct Face = 2\nNo Face = 0\nWrong Face = 7\n\\Correct Face 22.22%\nNo Face 0.0%\nWrong Face 77.78%","inference_result":""},"method":"POST"}
{"level":"info","message":{"gaze_result":"Left Movement = 2\nNo Movement = 8\nRight Movement = 0\n\nLeft Movement 20.0%\nNo Movement 80.0%\nRight Movement 0.0%","identification_result":"Correct Face = 2\nNo Face = 0\nWrong Face = 8\n\\Correct Face 20.0%\nNo Face 0.0%\nWrong Face 80.0%","inference_result":""},"method":"POST"}
{"level":"info","message":{"gaze_result":"Left Movement = 0\nNo Movement = 1\nRight Movement = 0\n\nLeft Movement 0.0%\nNo Movement 100.0%\nRight Movement 0.0%","identification_result":"Correct Face = 0\nNo Face = 0\nWrong Face = 1\n\\Correct Face 0.0%\nNo Face 0.0%\nWrong Face 100.0%","inference_result":""},"method":"POST"}
{"level":"info","message":{"gaze_result":"Left Movement = 0\nNo Movement = 1\nRight Movement = 0\n\nLeft Movement 0.0%\nNo Movement 100.0%\nRight Movement 0.0%","identification_result":"Correct Face = 0\nNo Face = 1\nWrong Face = 1\n\\Correct Face 0.0%\nNo Face 50.0%\nWrong Face 100.0%","inference_result":"cell phone\n"},"method":"POST"}
{"level":"info","message":{"gaze_result":"Left Movement = 0\nNo Movement = 1\nRight Movement = 0\n\nLeft Movement 0.0%\nNo Movement 100.0%\nRight Movement 0.0%","identification_result":"Correct Face = 0\nNo Face = 2\nWrong Face = 1\n\\Correct Face 0.0%\nNo Face 66.67%\nWrong Face 100.0%","inference_result":"cell phone\n"},"method":"POST"}
{"level":"info","message":{"gaze_result":"Left Movement = 0\nNo Movement = 2\nRight Movement = 0\n\nLeft Movement 0.0%\nNo Movement 100.0%\nRight Movement 0.0%","identification_result":"Correct Face = 0\nNo Face = 2\nWrong Face = 2\n\\Correct Face 0.0%\nNo Face 50.0%\nWrong Face 100.0%","inference_result":"cell phone\n"},"method":"POST"}
{"level":"info","message":{"gaze_result":"Left Movement = 0\nNo Movement = 3\nRight Movement = 0\n\nLeft Movement 0.0%\nNo Movement 100.0%\nRight Movement 0.0%","identification_result":"Correct Face = 0\nNo Face = 2\nWrong Face = 3\n\\Correct Face 0.0%\nNo Face 40.0%\nWrong Face 100.0%","inference_result":"cell phone\n"},"method":"POST"}
{"level":"info","message":{"gaze_result":"Left Movement = 0\nNo Movement = 4\nRight Movement = 0\n\nLeft Movement 0.0%\nNo Movement 100.0%\nRight Movement 0.0%","identification_result":"Correct Face = 0\nNo Face = 2\nWrong Face = 4\n\\Correct Face 0.0%\nNo Face 33.33%\nWrong Face 100.0%","inference_result":"cell phone\n"},"method":"POST"}
{"level":"info","message":{"gaze_result":"Left Movement = 0\nNo Movement = 5\nRight Movement = 0\n\nLeft Movement 0.0%\nNo Movement 100.0%\nRight Movement 0.0%","identification_result":"Correct Face = 0\nNo Face = 2\nWrong Face = 5\n\\Correct Face 0.0%\nNo Face 28.57%\nWrong Face 100.0%","inference_result":"cell phone\n"},"method":"POST"}
{"level":"info","message":{"gaze_result":"Left Movement = 0\nNo Movement = 1\nRight Movement = 0\n\nLeft Movement 0.0%\nNo Movement 100.0%\nRight Movement 0.0%","identification_result":"Correct Face = 0\nNo Face = 0\nWrong Face = 1\n\\Correct Face 0.0%\nNo Face 0.0%\nWrong Face 100.0%","inference_result":"cell phone\n"},"method":"POST"}
{"level":"info","message":{"gaze_result":"Left Movement = 0\nNo Movement = 2\nRight Movement = 0\n\nLeft Movement 0.0%\nNo Movement 100.0%\nRight Movement 0.0%","identification_result":"Correct Face = 0\nNo Face = 0\nWrong Face = 2\n\\Correct Face 0.0%\nNo Face 0.0%\nWrong Face 100.0%","inference_result":"cell phone\n"},"method":"POST"}
{"level":"info","message":{"gaze_result":"Left Movement = 0\nNo Movement = 3\nRight Movement = 0\n\nLeft Movement 0.0%\nNo Movement 100.0%\nRight Movement 0.0%","identification_result":"Correct Face = 0\nNo Face = 0\nWrong Face = 3\n\\Correct Face 0.0%\nNo Face 0.0%\nWrong Face 100.0%","inference_result":"cell phone\n"},"method":"POST"}
{"level":"info","message":{"gaze_result":"Left Movement = 0\nNo Movement = 4\nRight Movement = 0\n\nLeft Movement 0.0%\nNo Movement 100.0%\nRight Movement 0.0%","identification_result":"Correct Face = 0\nNo Face = 0\nWrong Face = 4\n\\Correct Face 0.0%\nNo Face 0.0%\nWrong Face 100.0%","inference_result":"cell phone\n"},"method":"POST"}
{"level":"info","message":{"gaze_result":"Left Movement = 0\nNo Movement = 1\nRight Movement = 0\n\nLeft Movement 0.0%\nNo Movement 100.0%\nRight Movement 0.0%","identification_result":"Correct Face = 0\nNo Face = 0\nWrong Face = 1\n\\Correct Face 0.0%\nNo Face 0.0%\nWrong Face 100.0%","inference_result":"cell phone\n"},"method":"POST"}
{"level":"info","message":{"gaze_result":"Left Movement = 0\nNo Movement = 2\nRight Movement = 0\n\nLeft Movement 0.0%\nNo Movement 100.0%\nRight Movement 0.0%","identification_result":"Correct Face = 0\nNo Face = 0\nWrong Face = 2\n\\Correct Face 0.0%\nNo Face 0.0%\nWrong Face 100.0%","inference_result":"cell phone\n"},"method":"POST"}
{"level":"info","message":{"gaze_result":"Left Movement = 0\nNo Movement = 3\nRight Movement = 0\n\nLeft Movement 0.0%\nNo Movement 100.0%\nRight Movement 0.0%","identification_result":"Correct Face = 0\nNo Face = 0\nWrong Face = 3\n\\Correct Face 0.0%\nNo Face 0.0%\nWrong Face 100.0%","inference_result":"cell phone\n"},"method":"POST"}
{"level":"info","message":{"gaze_result":"Left Movement = 0\nNo Movement = 4\nRight Movement = 0\n\nLeft Movement 0.0%\nNo Movement 100.0%\nRight Movement 0.0%","identification_result":"Correct Face = 0\nNo Face = 0\nWrong Face = 4\n\\Correct Face 0.0%\nNo Face 0.0%\nWrong Face 100.0%","inference_result":"cell phone\n"},"method":"POST"}
{"level":"info","message":{"gaze_result":"Left Movement = 0\nNo Movement = 5\nRight Movement = 0\n\nLeft Movement 0.0%\nNo Movement 100.0%\nRight Movement 0.0%","identification_result":"Correct Face = 0\nNo Face = 0\nWrong Face = 5\n\\Correct Face 0.0%\nNo Face 0.0%\nWrong Face 100.0%","inference_result":"cell phone\n"},"method":"POST"}
{"level":"info","message":{"gaze_result":"Left Movement = 0\nNo Movement = 6\nRight Movement = 0\n\nLeft Movement 0.0%\nNo Movement 100.0%\nRight Movement 0.0%","identification_result":"Correct Face = 0\nNo Face = 0\nWrong Face = 6\n\\Correct Face 0.0%\nNo Face 0.0%\nWrong Face 100.0%","inference_result":"cell phone\n"},"method":"POST"}
